<?xml version="1.0" encoding="UTF-8"?>
<testng-results total="1" passed="1" failed="0" skipped="0">
  <reporter-output>
  </reporter-output>
  <suite started-at="2018-07-07T09:30:34Z" name="Suite" finished-at="2018-07-07T09:30:34Z" duration-ms="19">
    <groups>
    </groups>
    <test started-at="2018-07-07T09:30:34Z" name="Test" finished-at="2018-07-07T09:30:34Z" duration-ms="19">
      <class name="MavenPackage.MavenProject1.NewTest1">
        <test-method signature="f()[pri:0, instance:MavenPackage.MavenProject1.NewTest1@1bd4fdd]" started-at="2018-07-07T15:00:34Z" name="f" finished-at="2018-07-07T15:00:34Z" duration-ms="5" status="PASS">
          <reporter-output>
          </reporter-output>
        </test-method> <!-- f -->
      </class> <!-- MavenPackage.MavenProject1.NewTest1 -->
    </test> <!-- Test -->
  </suite> <!-- Suite -->
</testng-results>
