<?xml version="1.0" encoding="UTF-8"?>
<testng-results total="1" passed="1" failed="0" skipped="0">
  <reporter-output>
  </reporter-output>
  <suite started-at="2018-07-07T09:27:14Z" name="Suite" finished-at="2018-07-07T09:27:15Z" duration-ms="30">
    <groups>
    </groups>
    <test started-at="2018-07-07T09:27:14Z" name="Test" finished-at="2018-07-07T09:27:15Z" duration-ms="30">
      <class name="MavenPackage.MavenProject1.NewTest1">
        <test-method signature="f()[pri:0, instance:MavenPackage.MavenProject1.NewTest1@38afe297]" started-at="2018-07-07T14:57:14Z" name="f" finished-at="2018-07-07T14:57:15Z" duration-ms="11" status="PASS">
          <reporter-output>
          </reporter-output>
        </test-method> <!-- f -->
      </class> <!-- MavenPackage.MavenProject1.NewTest1 -->
    </test> <!-- Test -->
  </suite> <!-- Suite -->
</testng-results>
